1555776739797	geckodriver	INFO	geckodriver 0.19.1
1555776739834	geckodriver	INFO	Listening on 127.0.0.1:13623
1555776742863	mozrunner::runner	INFO	Running command: "C:\\Program Files\\Mozilla Firefox\\firefox.exe" "-marionette" "-profile" "C:\\Users\\python\\AppData\\Local\\Temp\\rust_mozprofile.47801mJgy4Co"
JavaScript error: z2dd23ql4gh.cfg, line 2: ReferenceError: Components is not defined
1555776744697	addons.webextension.screenshots@mozilla.org	WARN	Loading extension 'screenshots@mozilla.org': Reading manifest: Invalid host permission: resource://pdf.js/
1555776744698	addons.webextension.screenshots@mozilla.org	WARN	Loading extension 'screenshots@mozilla.org': Reading manifest: Invalid host permission: about:reader*
1555776744897	Marionette	DEBUG	Received observer notification profile-after-change
1555776745047	Marionette	DEBUG	Received observer notification toplevel-window-ready
1555776745127	Marionette	DEBUG	Received observer notification command-line-startup
1555776745128	Marionette	DEBUG	Received observer notification nsPref:changed
1555776745128	Marionette	DEBUG	Init aborted (running=false, enabled=true, finalUIStartup=false)
1555776745972	Marionette	DEBUG	Received observer notification toplevel-window-ready
1555776756826	Marionette	DEBUG	Received observer notification sessionstore-windows-restored
1555776756826	Marionette	DEBUG	Waiting for delayed startup...
1555776757154	Marionette	DEBUG	Setting recommended pref app.update.disabledForTesting to true
1555776757155	Marionette	DEBUG	Setting recommended pref security.turn_off_all_security_so_that_viruses_can_take_over_this_computer to true
1555776757156	Marionette	DEBUG	Setting recommended pref browser.contentblocking.introCount to 99
1555776757157	Marionette	DEBUG	Setting recommended pref datareporting.policy.dataSubmissionPolicyAccepted to false
1555776757157	Marionette	DEBUG	Setting recommended pref dom.disable_beforeunload to true
1555776757157	Marionette	DEBUG	Setting recommended pref toolkit.cosmeticAnimations.enabled to false
1555776757239	Marionette	INFO	Listening on port 13639
1555776757239	Marionette	DEBUG	Remote service is active
1555776757369	Marionette	DEBUG	Accepted connection 0 from 127.0.0.1:13891
1555776757404	Marionette	TRACE	0 -> [0,1,"newSession",{"acceptInsecureCerts":true,"browserName":"firefox","capabilities":{"desiredCapabilities":{"acceptInsecureCerts":true,"browserName":"firefox"}}}]
1555776757405	Marionette	TRACE	0 <- [1,1,{"error":"unknown command","message":"newSession","stacktrace":"WebDriverError@chrome://marionette/content/error.js:178: ... et@chrome://marionette/content/server.js:236:8\n_onJSONObjectReady/<@chrome://marionette/content/transport.js:490:9\n"},null]
1555776821551	geckodriver	INFO	geckodriver 0.19.1
1555776821582	geckodriver	INFO	Listening on 127.0.0.1:14732
1555776824596	mozrunner::runner	INFO	Running command: "C:\\Program Files\\Mozilla Firefox\\firefox.exe" "-marionette" "-profile" "C:\\Users\\python\\AppData\\Local\\Temp\\rust_mozprofile.l1G6VxOOOMNP"
JavaScript error: z2dd23ql4gh.cfg, line 2: ReferenceError: Components is not defined
1555776825950	addons.webextension.screenshots@mozilla.org	WARN	Loading extension 'screenshots@mozilla.org': Reading manifest: Invalid host permission: resource://pdf.js/
1555776825951	addons.webextension.screenshots@mozilla.org	WARN	Loading extension 'screenshots@mozilla.org': Reading manifest: Invalid host permission: about:reader*
1555776826146	Marionette	DEBUG	Received observer notification profile-after-change
1555776826251	Marionette	DEBUG	Received observer notification toplevel-window-ready
1555776826312	Marionette	DEBUG	Received observer notification command-line-startup
1555776826313	Marionette	DEBUG	Received observer notification nsPref:changed
1555776826313	Marionette	DEBUG	Init aborted (running=false, enabled=true, finalUIStartup=false)
1555776827456	Marionette	DEBUG	Received observer notification toplevel-window-ready
1555776829754	Marionette	DEBUG	Received observer notification sessionstore-windows-restored
1555776829754	Marionette	DEBUG	Waiting for delayed startup...
1555776829870	Marionette	DEBUG	Setting recommended pref app.update.disabledForTesting to true
1555776829870	Marionette	DEBUG	Setting recommended pref security.turn_off_all_security_so_that_viruses_can_take_over_this_computer to true
1555776829870	Marionette	DEBUG	Setting recommended pref browser.contentblocking.introCount to 99
1555776829871	Marionette	DEBUG	Setting recommended pref datareporting.policy.dataSubmissionPolicyAccepted to false
1555776829871	Marionette	DEBUG	Setting recommended pref dom.disable_beforeunload to true
1555776829872	Marionette	DEBUG	Setting recommended pref toolkit.cosmeticAnimations.enabled to false
1555776829968	Marionette	INFO	Listening on port 14744
1555776829969	Marionette	DEBUG	Remote service is active
1555776829978	Marionette	DEBUG	Accepted connection 0 from 127.0.0.1:14766
1555776829991	Marionette	TRACE	0 -> [0,1,"newSession",{"acceptInsecureCerts":true,"browserName":"firefox","capabilities":{"desiredCapabilities":{"acceptInsecureCerts":true,"browserName":"firefox"}}}]
1555776829992	Marionette	TRACE	0 <- [1,1,{"error":"unknown command","message":"newSession","stacktrace":"WebDriverError@chrome://marionette/content/error.js:178: ... et@chrome://marionette/content/server.js:236:8\n_onJSONObjectReady/<@chrome://marionette/content/transport.js:490:9\n"},null]
1555776859012	geckodriver	INFO	geckodriver 0.19.1
1555776859046	geckodriver	INFO	Listening on 127.0.0.1:15012
1555776862090	mozrunner::runner	INFO	Running command: "C:\\Program Files\\Mozilla Firefox\\firefox.exe" "-marionette" "-profile" "C:\\Users\\python\\AppData\\Local\\Temp\\rust_mozprofile.esnTlBPuWlkl"
JavaScript error: z2dd23ql4gh.cfg, line 2: ReferenceError: Components is not defined
1555776863321	addons.webextension.screenshots@mozilla.org	WARN	Loading extension 'screenshots@mozilla.org': Reading manifest: Invalid host permission: resource://pdf.js/
1555776863321	addons.webextension.screenshots@mozilla.org	WARN	Loading extension 'screenshots@mozilla.org': Reading manifest: Invalid host permission: about:reader*
1555776863554	Marionette	DEBUG	Received observer notification profile-after-change
1555776863661	Marionette	DEBUG	Received observer notification toplevel-window-ready
1555776863726	Marionette	DEBUG	Received observer notification command-line-startup
1555776863726	Marionette	DEBUG	Received observer notification nsPref:changed
1555776863726	Marionette	DEBUG	Init aborted (running=false, enabled=true, finalUIStartup=false)
1555776864795	Marionette	DEBUG	Received observer notification toplevel-window-ready
1555776866572	Marionette	DEBUG	Received observer notification sessionstore-windows-restored
1555776866572	Marionette	DEBUG	GFX sanity window detected, waiting until it has been closed...
1555776866697	Marionette	DEBUG	Received observer notification domwindowclosed
1555776866697	Marionette	DEBUG	Waiting for delayed startup...
1555776866954	Marionette	DEBUG	Setting recommended pref app.update.disabledForTesting to true
1555776866954	Marionette	DEBUG	Setting recommended pref security.turn_off_all_security_so_that_viruses_can_take_over_this_computer to true
1555776866955	Marionette	DEBUG	Setting recommended pref browser.contentblocking.introCount to 99
1555776866956	Marionette	DEBUG	Setting recommended pref datareporting.policy.dataSubmissionPolicyAccepted to false
1555776866956	Marionette	DEBUG	Setting recommended pref dom.disable_beforeunload to true
1555776866957	Marionette	DEBUG	Setting recommended pref toolkit.cosmeticAnimations.enabled to false
1555776867053	Marionette	INFO	Listening on port 15028
1555776867053	Marionette	DEBUG	Remote service is active
1555776867455	Marionette	DEBUG	Accepted connection 0 from 127.0.0.1:1045
1555776867458	Marionette	TRACE	0 -> [0,1,"newSession",{"acceptInsecureCerts":true,"browserName":"firefox","capabilities":{"desiredCapabilities":{"acceptInsecureCerts":true,"browserName":"firefox"}}}]
1555776867459	Marionette	TRACE	0 <- [1,1,{"error":"unknown command","message":"newSession","stacktrace":"WebDriverError@chrome://marionette/content/error.js:178: ... et@chrome://marionette/content/server.js:236:8\n_onJSONObjectReady/<@chrome://marionette/content/transport.js:490:9\n"},null]
1555776944119	geckodriver	INFO	geckodriver 0.19.1
1555776944156	geckodriver	INFO	Listening on 127.0.0.1:1240
1555776947176	mozrunner::runner	INFO	Running command: "C:\\Program Files\\Mozilla Firefox\\firefox.exe" "-marionette" "-profile" "C:\\Users\\python\\AppData\\Local\\Temp\\rust_mozprofile.Y9fOc0FQ5aT3"
JavaScript error: z2dd23ql4gh.cfg, line 2: ReferenceError: Components is not defined
1555776948563	addons.webextension.screenshots@mozilla.org	WARN	Loading extension 'screenshots@mozilla.org': Reading manifest: Invalid host permission: resource://pdf.js/
1555776948564	addons.webextension.screenshots@mozilla.org	WARN	Loading extension 'screenshots@mozilla.org': Reading manifest: Invalid host permission: about:reader*
1555776948758	Marionette	DEBUG	Received observer notification profile-after-change
1555776948876	Marionette	DEBUG	Received observer notification toplevel-window-ready
1555776948942	Marionette	DEBUG	Received observer notification command-line-startup
1555776948942	Marionette	DEBUG	Received observer notification nsPref:changed
1555776948942	Marionette	DEBUG	Init aborted (running=false, enabled=true, finalUIStartup=false)
1555776950022	Marionette	DEBUG	Received observer notification toplevel-window-ready
1555776953785	Marionette	DEBUG	Received observer notification sessionstore-windows-restored
1555776953785	Marionette	DEBUG	Waiting for delayed startup...
1555776953984	Marionette	DEBUG	Setting recommended pref app.update.disabledForTesting to true
1555776953985	Marionette	DEBUG	Setting recommended pref security.turn_off_all_security_so_that_viruses_can_take_over_this_computer to true
1555776953985	Marionette	DEBUG	Setting recommended pref browser.contentblocking.introCount to 99
1555776953986	Marionette	DEBUG	Setting recommended pref datareporting.policy.dataSubmissionPolicyAccepted to false
1555776953986	Marionette	DEBUG	Setting recommended pref dom.disable_beforeunload to true
1555776953987	Marionette	DEBUG	Setting recommended pref toolkit.cosmeticAnimations.enabled to false
1555776954083	Marionette	INFO	Listening on port 1257
1555776954083	Marionette	DEBUG	Remote service is active
1555776954979	Marionette	DEBUG	Accepted connection 0 from 127.0.0.1:1315
1555776954981	Marionette	TRACE	0 -> [0,1,"newSession",{"acceptInsecureCerts":true,"browserName":"firefox","capabilities":{"desiredCapabilities":{"acceptInsecureCerts":true,"browserName":"firefox"}}}]
1555776954982	Marionette	TRACE	0 <- [1,1,{"error":"unknown command","message":"newSession","stacktrace":"WebDriverError@chrome://marionette/content/error.js:178: ... et@chrome://marionette/content/server.js:236:8\n_onJSONObjectReady/<@chrome://marionette/content/transport.js:490:9\n"},null]
r@chrome://marionette/content/error.js:178: ... et@chrome://marionette/content/server.js:236:8\n_onJSONObjectReady/<@chrome://marionette/content/transport.js:490:9\n"},null]
[GFX1-]: Receive IPC close with reason=AbnormalShutdown
[GFX1-]: Receive IPC close with reason=AbnormalShutdown
1555815035071	geckodriver	INFO	geckodriver 0.19.1
1555815035097	geckodriver	INFO	Listening on 127.0.0.1:20272
1555815038149	mozrunner::runner	INFO	Running command: "C:\\Program Files\\Mozilla Firefox\\firefox.exe" "-marionette" "-profile" "C:\\Users\\python\\AppData\\Local\\Temp\\rust_mozprofile.GUvPSEloaOWH"
JavaScript error: z2dd23ql4gh.cfg, line 2: ReferenceError: Components is not defined
1555815039789	addons.webextension.screenshots@mozilla.org	WARN	Loading extension 'screenshots@mozilla.org': Reading manifest: Invalid host permission: resource://pdf.js/
1555815039790	addons.webextension.screenshots@mozilla.org	WARN	Loading extension 'screenshots@mozilla.org': Reading manifest: Invalid host permission: about:reader*
1555815040220	Marionette	DEBUG	Received observer notification profile-after-change
1555815040406	Marionette	DEBUG	Received observer notification toplevel-window-ready
1555815040505	Marionette	DEBUG	Received observer notification command-line-startup
1555815040506	Marionette	DEBUG	Received observer notification nsPref:changed
1555815040506	Marionette	DEBUG	Init aborted (running=false, enabled=true, finalUIStartup=false)
1555815041701	Marionette	DEBUG	Received observer notification toplevel-window-ready
1555815044083	Marionette	DEBUG	Received observer notification sessionstore-windows-restored
1555815044083	Marionette	DEBUG	Waiting for delayed startup...
1555815044391	Marionette	DEBUG	Setting recommended pref app.update.disabledForTesting to true
1555815044391	Marionette	DEBUG	Setting recommended pref security.turn_off_all_security_so_that_viruses_can_take_over_this_computer to true
1555815044392	Marionette	DEBUG	Setting recommended pref browser.contentblocking.introCount to 99
1555815044394	Marionette	DEBUG	Setting recommended pref datareporting.policy.dataSubmissionPolicyAccepted to false
1555815044394	Marionette	DEBUG	Setting recommended pref dom.disable_beforeunload to true
1555815044395	Marionette	DEBUG	Setting recommended pref toolkit.cosmeticAnimations.enabled to false
1555815044587	Marionette	INFO	Listening on port 20281
1555815044587	Marionette	DEBUG	Remote service is active
1555815044867	Marionette	DEBUG	Accepted connection 0 from 127.0.0.1:20291
1555815044877	Marionette	TRACE	0 -> [0,1,"newSession",{"acceptInsecureCerts":true,"browserName":"firefox","capabilities":{"desiredCapabilities":{"acceptInsecureCerts":true,"browserName":"firefox"}}}]
1555815044878	Marionette	TRACE	0 <- [1,1,{"error":"unknown command","message":"newSession","stacktrace":"WebDriverError@chrome://marionette/content/error.js:178: ... et@chrome://marionette/content/server.js:236:8\n_onJSONObjectReady/<@chrome://marionette/content/transport.js:490:9\n"},null]
[GFX1-]: Receive IPC close with reason=AbnormalShutdown
1555815356923	geckodriver	INFO	geckodriver 0.19.1
1555815356944	geckodriver	INFO	Listening on 127.0.0.1:20472
1555815360001	mozrunner::runner	INFO	Running command: "C:\\Program Files\\Mozilla Firefox\\firefox.exe" "-marionette" "-profile" "C:\\Users\\python\\AppData\\Local\\Temp\\rust_mozprofile.jVyYjL23uYU2"
JavaScript error: z2dd23ql4gh.cfg, line 2: ReferenceError: Components is not defined
1555815361547	addons.webextension.screenshots@mozilla.org	WARN	Loading extension 'screenshots@mozilla.org': Reading manifest: Invalid host permission: resource://pdf.js/
1555815361548	addons.webextension.screenshots@mozilla.org	WARN	Loading extension 'screenshots@mozilla.org': Reading manifest: Invalid host permission: about:reader*
1555815361738	Marionette	DEBUG	Received observer notification profile-after-change
1555815361953	Marionette	DEBUG	Received observer notification toplevel-window-ready
1555815362010	Marionette	DEBUG	Received observer notification command-line-startup
1555815362011	Marionette	DEBUG	Received observer notification nsPref:changed
1555815362011	Marionette	DEBUG	Init aborted (running=false, enabled=true, finalUIStartup=false)
1555815362966	Marionette	DEBUG	Received observer notification toplevel-window-ready
1555815369555	Marionette	DEBUG	Received observer notification sessionstore-windows-restored
1555815369556	Marionette	DEBUG	Waiting for delayed startup...
1555815369650	Marionette	DEBUG	Setting recommended pref app.update.disabledForTesting to true
1555815369651	Marionette	DEBUG	Setting recommended pref security.turn_off_all_security_so_that_viruses_can_take_over_this_computer to true
1555815369651	Marionette	DEBUG	Setting recommended pref browser.contentblocking.introCount to 99
1555815369652	Marionette	DEBUG	Setting recommended pref datareporting.policy.dataSubmissionPolicyAccepted to false
1555815369652	Marionette	DEBUG	Setting recommended pref dom.disable_beforeunload to true
1555815369653	Marionette	DEBUG	Setting recommended pref toolkit.cosmeticAnimations.enabled to false
1555815369724	Marionette	INFO	Listening on port 20480
1555815369725	Marionette	DEBUG	Remote service is active
1555815370098	Marionette	DEBUG	Accepted connection 0 from 127.0.0.1:20496
1555815370100	Marionette	TRACE	0 -> [0,1,"newSession",{"acceptInsecureCerts":true,"browserName":"firefox","capabilities":{"desiredCapabilities":{"acceptInsecureCerts":true,"browserName":"firefox"}}}]
1555815370101	Marionette	TRACE	0 <- [1,1,{"error":"unknown command","message":"newSession","stacktrace":"WebDriverError@chrome://marionette/content/error.js:178: ... et@chrome://marionette/content/server.js:236:8\n_onJSONObjectReady/<@chrome://marionette/content/transport.js:490:9\n"},null]
1555815468472	geckodriver	INFO	geckodriver 0.19.1
1555815468488	geckodriver	INFO	Listening on 127.0.0.1:20572
1555815471551	mozrunner::runner	INFO	Running command: "C:\\Program Files\\Mozilla Firefox\\firefox.exe" "-marionette" "-profile" "C:\\Users\\python\\AppData\\Local\\Temp\\rust_mozprofile.5PCBnYdXDer1"
JavaScript error: z2dd23ql4gh.cfg, line 2: ReferenceError: Components is not defined
1555815472710	addons.webextension.screenshots@mozilla.org	WARN	Loading extension 'screenshots@mozilla.org': Reading manifest: Invalid host permission: resource://pdf.js/
1555815472711	addons.webextension.screenshots@mozilla.org	WARN	Loading extension 'screenshots@mozilla.org': Reading manifest: Invalid host permission: about:reader*
1555815472948	Marionette	DEBUG	Received observer notification profile-after-change
1555815473135	Marionette	DEBUG	Received observer notification toplevel-window-ready
1555815473204	Marionette	DEBUG	Received observer notification command-line-startup
1555815473204	Marionette	DEBUG	Received observer notification nsPref:changed
1555815473205	Marionette	DEBUG	Init aborted (running=false, enabled=true, finalUIStartup=false)
1555815473911	Marionette	DEBUG	Received observer notification toplevel-window-ready
1555815475343	Marionette	DEBUG	Received observer notification sessionstore-windows-restored
1555815475343	Marionette	DEBUG	Waiting for delayed startup...
1555815475447	Marionette	DEBUG	Setting recommended pref app.update.disabledForTesting to true
1555815475448	Marionette	DEBUG	Setting recommended pref security.turn_off_all_security_so_that_viruses_can_take_over_this_computer to true
1555815475448	Marionette	DEBUG	Setting recommended pref browser.contentblocking.introCount to 99
1555815475449	Marionette	DEBUG	Setting recommended pref datareporting.policy.dataSubmissionPolicyAccepted to false
1555815475450	Marionette	DEBUG	Setting recommended pref dom.disable_beforeunload to true
1555815475450	Marionette	DEBUG	Setting recommended pref toolkit.cosmeticAnimations.enabled to false
1555815475546	Marionette	INFO	Listening on port 20580
1555815475547	Marionette	DEBUG	Remote service is active
1555815475772	Marionette	DEBUG	Accepted connection 0 from 127.0.0.1:20588
1555815475775	Marionette	TRACE	0 -> [0,1,"newSession",{"acceptInsecureCerts":true,"browserName":"firefox","capabilities":{"desiredCapabilities":{"acceptInsecureCerts":true,"browserName":"firefox"}}}]
1555815475776	Marionette	TRACE	0 <- [1,1,{"error":"unknown command","message":"newSession","stacktrace":"WebDriverError@chrome://marionette/content/error.js:178: ... et@chrome://marionette/content/server.js:236:8\n_onJSONObjectReady/<@chrome://marionette/content/transport.js:490:9\n"},null]
1555815534058	geckodriver	INFO	geckodriver 0.19.1
1555815534076	geckodriver	INFO	Listening on 127.0.0.1:2467
1555815537133	mozrunner::runner	INFO	Running command: "C:\\Program Files\\Mozilla Firefox\\firefox.exe" "-marionette" "-profile" "C:\\Users\\python\\AppData\\Local\\Temp\\rust_mozprofile.MylXfQwEUQh5"
JavaScript error: z2dd23ql4gh.cfg, line 2: ReferenceError: Components is not defined
1555815538201	addons.webextension.screenshots@mozilla.org	WARN	Loading extension 'screenshots@mozilla.org': Reading manifest: Invalid host permission: resource://pdf.js/
1555815538201	addons.webextension.screenshots@mozilla.org	WARN	Loading extension 'screenshots@mozilla.org': Reading manifest: Invalid host permission: about:reader*
1555815538417	Marionette	DEBUG	Received observer notification profile-after-change
1555815538624	Marionette	DEBUG	Received observer notification toplevel-window-ready
1555815538696	Marionette	DEBUG	Received observer notification command-line-startup
1555815538696	Marionette	DEBUG	Received observer notification nsPref:changed
1555815538696	Marionette	DEBUG	Init aborted (running=false, enabled=true, finalUIStartup=false)
1555815539779	Marionette	DEBUG	Received observer notification toplevel-window-ready
1555815541465	Marionette	DEBUG	Received observer notification sessionstore-windows-restored
1555815541466	Marionette	DEBUG	Waiting for delayed startup...
1555815541534	Marionette	DEBUG	Setting recommended pref app.update.disabledForTesting to true
1555815541534	Marionette	DEBUG	Setting recommended pref security.turn_off_all_security_so_that_viruses_can_take_over_this_computer to true
1555815541535	Marionette	DEBUG	Setting recommended pref browser.contentblocking.introCount to 99
1555815541535	Marionette	DEBUG	Setting recommended pref datareporting.policy.dataSubmissionPolicyAccepted to false
1555815541535	Marionette	DEBUG	Setting recommended pref dom.disable_beforeunload to true
1555815541536	Marionette	DEBUG	Setting recommended pref toolkit.cosmeticAnimations.enabled to false
1555815541582	Marionette	INFO	Listening on port 2476
1555815541582	Marionette	DEBUG	Remote service is active
1555815542461	Marionette	DEBUG	Accepted connection 0 from 127.0.0.1:2494
1555815542463	Marionette	TRACE	0 -> [0,1,"newSession",{"acceptInsecureCerts":true,"browserName":"firefox","capabilities":{"desiredCapabilities":{"acceptInsecureCerts":true,"browserName":"firefox"}}}]
1555815542463	Marionette	TRACE	0 <- [1,1,{"error":"unknown command","message":"newSession","stacktrace":"WebDriverError@chrome://marionette/content/error.js:178: ... et@chrome://marionette/content/server.js:236:8\n_onJSONObjectReady/<@chrome://marionette/content/transport.js:490:9\n"},null]
1555815854826	geckodriver	INFO	geckodriver 0.19.1
1555815854880	geckodriver	INFO	Listening on 127.0.0.1:2668
1555815857916	mozrunner::runner	INFO	Running command: "C:\\Program Files\\Mozilla Firefox\\firefox.exe" "-marionette" "-profile" "C:\\Users\\python\\AppData\\Local\\Temp\\rust_mozprofile.I5YOcXXMhx8c"
JavaScript error: z2dd23ql4gh.cfg, line 2: ReferenceError: Components is not defined
1555815859080	addons.webextension.screenshots@mozilla.org	WARN	Loading extension 'screenshots@mozilla.org': Reading manifest: Invalid host permission: resource://pdf.js/
1555815859080	addons.webextension.screenshots@mozilla.org	WARN	Loading extension 'screenshots@mozilla.org': Reading manifest: Invalid host permission: about:reader*
1555815859222	Marionette	DEBUG	Received observer notification profile-after-change
1555815859335	Marionette	DEBUG	Received observer notification toplevel-window-ready
1555815859381	Marionette	DEBUG	Received observer notification command-line-startup
1555815859381	Marionette	DEBUG	Received observer notification nsPref:changed
1555815859381	Marionette	DEBUG	Init aborted (running=false, enabled=true, finalUIStartup=false)
1555815859865	Marionette	DEBUG	Received observer notification toplevel-window-ready
1555815862085	Marionette	DEBUG	Received observer notification sessionstore-windows-restored
1555815862085	Marionette	DEBUG	GFX sanity window detected, waiting until it has been closed...
1555815862485	Marionette	DEBUG	Received observer notification domwindowclosed
1555815862485	Marionette	DEBUG	Waiting for delayed startup...
1555815862552	Marionette	DEBUG	Setting recommended pref app.update.disabledForTesting to true
1555815862552	Marionette	DEBUG	Setting recommended pref security.turn_off_all_security_so_that_viruses_can_take_over_this_computer to true
1555815862552	Marionette	DEBUG	Setting recommended pref browser.contentblocking.introCount to 99
1555815862553	Marionette	DEBUG	Setting recommended pref datareporting.policy.dataSubmissionPolicyAccepted to false
1555815862553	Marionette	DEBUG	Setting recommended pref dom.disable_beforeunload to true
1555815862553	Marionette	DEBUG	Setting recommended pref toolkit.cosmeticAnimations.enabled to false
1555815862615	Marionette	INFO	Listening on port 2677
1555815862616	Marionette	DEBUG	Remote service is active
1555815863248	Marionette	DEBUG	Accepted connection 0 from 127.0.0.1:2692
1555815863253	Marionette	TRACE	0 -> [0,1,"newSession",{"acceptInsecureCerts":true,"browserName":"firefox","capabilities":{"desiredCapabilities":{"acceptInsecureCerts":true,"browserName":"firefox"}}}]
1555815863254	Marionette	TRACE	0 <- [1,1,{"error":"unknown command","message":"newSession","stacktrace":"WebDriverError@chrome://marionette/content/error.js:178: ... et@chrome://marionette/content/server.js:236:8\n_onJSONObjectReady/<@chrome://marionette/content/transport.js:490:9\n"},null]
1555816823751	geckodriver	INFO	geckodriver 0.19.1
1555816823771	geckodriver	INFO	Listening on 127.0.0.1:22414
1555816826828	mozrunner::runner	INFO	Running command: "C:\\Program Files\\Mozilla Firefox\\firefox.exe" "-marionette" "-profile" "C:\\Users\\python\\AppData\\Local\\Temp\\rust_mozprofile.vUoB2kk8dus7"
JavaScript error: z2dd23ql4gh.cfg, line 2: ReferenceError: Components is not defined
1555816827945	addons.webextension.screenshots@mozilla.org	WARN	Loading extension 'screenshots@mozilla.org': Reading manifest: Invalid host permission: resource://pdf.js/
1555816827945	addons.webextension.screenshots@mozilla.org	WARN	Loading extension 'screenshots@mozilla.org': Reading manifest: Invalid host permission: about:reader*
1555816828080	Marionette	DEBUG	Received observer notification profile-after-change
1555816828176	Marionette	DEBUG	Received observer notification toplevel-window-ready
1555816828219	Marionette	DEBUG	Received observer notification command-line-startup
1555816828219	Marionette	DEBUG	Received observer notification nsPref:changed
1555816828220	Marionette	DEBUG	Init aborted (running=false, enabled=true, finalUIStartup=false)
1555816828741	Marionette	DEBUG	Received observer notification toplevel-window-ready
1555816830286	Marionette	DEBUG	Received observer notification sessionstore-windows-restored
1555816830287	Marionette	DEBUG	Waiting for delayed startup...
1555816830798	Marionette	DEBUG	Setting recommended pref app.update.disabledForTesting to true
1555816830799	Marionette	DEBUG	Setting recommended pref security.turn_off_all_security_so_that_viruses_can_take_over_this_computer to true
1555816830800	Marionette	DEBUG	Setting recommended pref browser.contentblocking.introCount to 99
1555816830811	Marionette	DEBUG	Setting recommended pref datareporting.policy.dataSubmissionPolicyAccepted to false
1555816830811	Marionette	DEBUG	Setting recommended pref dom.disable_beforeunload to true
1555816830812	Marionette	DEBUG	Setting recommended pref toolkit.cosmeticAnimations.enabled to false
1555816830938	Marionette	INFO	Listening on port 22423
1555816830939	Marionette	DEBUG	Remote service is active
1555816831086	Marionette	DEBUG	Accepted connection 0 from 127.0.0.1:22431
1555816831110	Marionette	TRACE	0 -> [0,1,"newSession",{"acceptInsecureCerts":true,"browserName":"firefox","capabilities":{"desiredCapabilities":{"acceptInsecureCerts":true,"browserName":"firefox"}}}]
1555816831111	Marionette	TRACE	0 <- [1,1,{"error":"unknown command","message":"newSession","stacktrace":"WebDriverError@chrome://marionette/content/error.js:178: ... et@chrome://marionette/content/server.js:236:8\n_onJSONObjectReady/<@chrome://marionette/content/transport.js:490:9\n"},null]
1555818312630	mozrunner::runner	INFO	Running command: "C:\\Program Files\\Mozilla Firefox\\firefox.exe" "-marionette" "-foreground" "-no-remote" "-profile" "C:\\Users\\python\\AppData\\Local\\Temp\\rust_mozprofile.SssAXnZEXwBo"
JavaScript error: z2dd23ql4gh.cfg, line 2: ReferenceError: Components is not defined
1555818314155	addons.webextension.screenshots@mozilla.org	WARN	Loading extension 'screenshots@mozilla.org': Reading manifest: Invalid host permission: resource://pdf.js/
1555818314155	addons.webextension.screenshots@mozilla.org	WARN	Loading extension 'screenshots@mozilla.org': Reading manifest: Invalid host permission: about:reader*
1555818318004	Marionette	INFO	Listening on port 22701
1555818318284	Marionette	WARN	TLS certificate errors will be ignored for this session
1555818319101	Marionette	INFO	Stopped listening on port 22701
JavaScript error: resource://gre/modules/Sqlite.jsm, line 841: Error: Connection is not open.
1555818331763	mozrunner::runner	INFO	Running command: "C:\\Program Files\\Mozilla Firefox\\firefox.exe" "-marionette" "-foreground" "-no-remote" "-profile" "C:\\Users\\python\\AppData\\Local\\Temp\\rust_mozprofile.CpgKf06hqKTE"
JavaScript error: z2dd23ql4gh.cfg, line 2: ReferenceError: Components is not defined
1555818333393	addons.webextension.screenshots@mozilla.org	WARN	Loading extension 'screenshots@mozilla.org': Reading manifest: Invalid host permission: resource://pdf.js/
1555818333393	addons.webextension.screenshots@mozilla.org	WARN	Loading extension 'screenshots@mozilla.org': Reading manifest: Invalid host permission: about:reader*
1555818336008	Marionette	INFO	Listening on port 22730
1555818336312	Marionette	WARN	TLS certificate errors will be ignored for this session
[Child 14912, Chrome_ChildThread] WARNING: pipe error: 109: file z:/build/build/src/ipc/chromium/src/chrome/common/ipc_channel_win.cc, line 346
[Child 14912, Chrome_ChildThread] WARNING: pipe error: 109: file z:/build/build/src/ipc/chromium/src/chrome/common/ipc_channel_win.cc, line 346
1555818373380	Marionette	INFO	Stopped listening on port 22730
[GPU 6140, Chrome_ChildThread] WARNING: pipe error: 109: file z:/build/build/src/ipc/chromium/src/chrome/common/ipc_channel_win.cc, line 346

###!!! [Child][MessageChannel::SendAndWait] Error: Channel error: cannot send/recv

1555818379056	mozrunner::runner	INFO	Running command: "C:\\Program Files\\Mozilla Firefox\\firefox.exe" "-marionette" "-foreground" "-no-remote" "-profile" "C:\\Users\\python\\AppData\\Local\\Temp\\rust_mozprofile.N0mYNdpMDDvo"
JavaScript error: z2dd23ql4gh.cfg, line 2: ReferenceError: Components is not defined
1555818380238	addons.webextension.screenshots@mozilla.org	WARN	Loading extension 'screenshots@mozilla.org': Reading manifest: Invalid host permission: resource://pdf.js/
1555818380238	addons.webextension.screenshots@mozilla.org	WARN	Loading extension 'screenshots@mozilla.org': Reading manifest: Invalid host permission: about:reader*
1555818383900	Marionette	INFO	Listening on port 22773
1555818384129	Marionette	WARN	TLS certificate errors will be ignored for this session
console.error: BroadcastService: 
  receivedBroadcastMessage: handler for
  remote-settings/monitor_changes
  threw error:
  Message: Error: Polling for changes failed: NetworkError when attempting to fetch resource..
  Stack:
    remoteSettingsFunction/remoteSettings.pollChanges@resource://services-settings/remote-settings.js:750:13

[Child 13472, Chrome_ChildThread] WARNING: pipe error: 109: file z:/build/build/src/ipc/chromium/src/chrome/common/ipc_channel_win.cc, line 346
[Child 13472, Chrome_ChildThread] WARNING[Child 1432, Chrome_ChildThread] WARNING: pipe error: 109: file z:/build/build/src/ipc/chromium/src/chrome/common/ipc_channel_win.cc, line 346
[Child 1432, Chrome_ChildThread] WARNING: pipe error: 109: file z:/build/build/src/ipc/chromium/src/chrome/common/ipc_channel_win.cc, line 346
[Parent 11944, Gecko_IOThread] WARNING: pipe error: 109: file z:/build/build/src/ipc/chromium/src/chrome/common/ipc_channel_win.cc, line 346
[Child 15236, Chrome_ChildThread] WARNING: pipe error: 109: file z:/build/build/src/ipc/chromium/src/chrome/common/ipc_channel_win.cc, line 346
[Child 15236, Chrome_ChildThread] WARNING: pipe error: 109: file z:/build/build/src/ipc/chromium/src/chrome/common/ipc_channel_win.cc, line 346
1555818423443	Marionette	INFO	Stopped listening on port 22773

###!!! [Child][RunMessage] Error: Channel closing: too late to send/recv, messages will be lost

[GPU 12332, Chrome_Child
###!!! [Child][MessageChannel::SendAndWait] Error: Channel error: cannot send/recv

1555818930977	mozrunner::runner	INFO	Running command: "C:\\Program Files\\Mozilla Firefox\\firefox.exe" "-marionette" "-foreground" "-no-remote" "-profile" "C:\\Users\\python\\AppData\\Local\\Temp\\rust_mozprofile.ES47oltjel9s"
JavaScript error: z2dd23ql4gh.cfg, line 2: ReferenceError: Components is not defined
1555818932132	addons.webextension.screenshots@mozilla.org	WARN	Loading extension 'screenshots@mozilla.org': Reading manifest: Invalid host permission: resource://pdf.js/
1555818932132	addons.webextension.screenshots@mozilla.org	WARN	Loading extension 'screenshots@mozilla.org': Reading manifest: Invalid host permission: about:reader*
1555818935256	Marionette	INFO	Listening on port 22898
1555818935430	Marionette	WARN	TLS certificate errors will be ignored for this session
console.error: BroadcastService: 
  receivedBroadcastMessage: handler for
  remote-settings/monitor_changes
  threw error:
  Message: Error: Polling for changes failed: NetworkError when attempting to fetch resource..
  Stack:
    remoteSettingsFunction/remoteSettings.pollChanges@resource://services-settings/remote-settings.js:750:13

[Parent 13888, Gecko_IOThread] WARNING: pipe error: 109: file z:/build/build/src/ipc/chromium/src/chrome/common/ipc_channel_win.cc, line 346
[Parent 13888, Gecko_IOThread] WARNING: pipe error: 109: file z:/build/build/src/ipc/chromium/src/chrome/common/ipc_channel_win.cc, line 346
[Parent 13888, Gecko_IOThread] WARNING: pipe error: 109: file z:/build/build/src/ipc/chromium/src/chrome/common/ipc_channel_win.cc, line 346
[Parent 13888, Gecko_IOThread] WARNING: file z:/build/build/src/ipc/chromium/src/base/process_util_win.cc, line 188
1555819209000	Marionette	INFO	Stopped listening on port 22898
[GPU 14268, Chrome_ChildThread] WARNING: pip
###!!! [Child][RunMessage] Error: Channel closing: too late to send/recv, messages will be lost


###!!! [Child][MessageChannel::SendAndWait] Error: Channel error: cannot send/recv

e error: 109: file z:/build/build/src/ipc/chromium/src/chrome/common/ipc_channel_win.cc, line 346
1555819208176	Marionette	INFO	Stopped listening on port 23146

###!!! [Child][MessageChannel::SendAndWait] Error: Channel error: cannot send/recv

s is not defined
1555819195103	addons.webextension.screenshots@mozilla.org	WARN	Loading extension 'screenshots@mozilla.org': Reading manifest: Invalid host permission: resource://pdf.js/
1555819195103	addons.webextension.screenshots@mozilla.org	WARN	Loading extension 'screenshots@mozilla.org': Reading manifest: Invalid host permission: about:reader*
1555819198417	Marionette	INFO	Listening on port 23232
1555819198708	Marionette	WARN	TLS certificate errors will be ignored for this session
[Parent 14588, Gecko_IOThread] WARNING: pipe error: 109: file z:/build/build/src/ipc/chromium/src/chrome/common/ipc_channel_win.cc, line 346
[Child 11448, Chrome_ChildThread] WARNING: pipe error: 109: file z:/build/build/src/ipc/chromium/src/chrome/common/ipc_channel_win.cc, line 346
[Child 11448, Chrome_ChildThread] WARNING: pipe error[Child 16320, Chrome_ChildThread] WARNING: pipe error: 109: file z:/build/build/src/ipc/chromium/src/chrome/common/ipc_channel_win.cc, line 346
1555819207072	Marionette	INFO	Stopped listening on port 23232

###!!! [Child][RunMessage] Error: Channel closing: too late to send/recv, messages will be lost

[GPU 157
###!!! [Child][MessageChannel::SendAndWait] Error: Channel error: cannot send/recv

1555819310668	mozrunner::runner	INFO	Running command: "C:\\Program Files\\Mozilla Firefox\\firefox.exe" "-marionette" "-foreground" "-no-remote" "-profile" "C:\\Users\\python\\AppData\\Local\\Temp\\rust_mozprofile.KQT3yHK3FEun"
JavaScript error: z2dd23ql4gh.cfg, line 2: ReferenceError: Components is not defined
1555819311804	addons.webextension.screenshots@mozilla.org	WARN	Loading extension 'screenshots@mozilla.org': Reading manifest: Invalid host permission: resource://pdf.js/
1555819311804	addons.webextension.screenshots@mozilla.org	WARN	Loading extension 'screenshots@mozilla.org': Reading manifest: Invalid host permission: about:reader*
1555819314858	Marionette	INFO	Listening on port 23496
1555819315131	Marionette	WARN	TLS certificate errors will be ignored for this session
[Child 6552, Chrome_ChildThread] WARNING: pipe error: 109: file z:/build/build/src/ipc/chromium/src/chrome/common/ipc_channel_win.cc, line 346
[Child 6552, Chrome_ChildThread] WARNING: pipe error: 109: file z:/build/build/src/iJavaScript error: z2dd23ql4gh.cfg, line 2: ReferenceError: Components is not defined
1555819349194	addons.webextension.screenshots@mozilla.org	WARN	Loading extension 'screenshots@mozilla.org': Reading manifest: Invalid host permission: resource://pdf.js/
1555819349194	addons.webextension.screenshots@mozilla.org	WARN	Loading extension 'screenshots@mozilla.org': Reading manifest: Invalid host permission: about:reader*
1555819352446	Marionette	INFO	Listening on port 23589
1555819352565	Marionette	WARN	TLS certificate errors will be ignored for this session
[Parent 16640, Gecko_IOThread] WARNING: pipe error: 109: file z:/build/build/src/ipc/chromium/src/chrome/common/ipc_channel_win.cc, line 346
[Child 9884, Chrome_ChildThread] WARNING: pipe error: 109: file z:/build/build/src/ipc/chromium/src/chrome/common/ipc_channel_win.cc, line 346
[Parent 16640, Gecko_IOThread] WARNING: pipe error: 109: file z:/build/build/src/ipc/chromium/src/chrome/common/ipc_channel_win.cc, line 346
1555819400493	Marionette	INF1555819400623	addons.webextension.screenshots@mozilla.org	WARN	Loading extension 'screenshots@mozilla.org': Reading manifest: Invalid host permission: resource://pdf.js/
1555819400623	addons.webextension.screenshots@mozilla.org	WARN	Loading extension 'screenshots@mozilla.org': Reading manifest: Invalid host permission: about:reader*
1555819403842	Marionette	INFO	Listening on port 23703
1555819403938	Marionette	WARN	TLS certificate errors will be ignored for this session
[Parent 14556, Gecko_IOThread] WARNING: pipe error: 109: file z:/build/build/src/ipc/chromium/src/chrome/common/ipc_channel_win.cc, line 346
console.error: BroadcastService: 
  receivedBroadcastMessage: handler for
  remote-settings/monitor_changes
  threw error:
  Message: Error: Polling for changes failed: NetworkError when attempting to fetch resource..
  Stack:
    remoteSettingsFunction/remoteSettings.pollChanges@resource://services-settings/remote-settings.js:750:13

[Child 13064, Chrome_ChildThread] WARNING: pipe error: 109: file z:/build/build/src/ipc/chromium/src/chrome/common/ipc_channel_win.cc, line 346
[Child 12244, Chrome_ChildThread] WARNING: pipe error: 109: file z:/build/build/src/ipc/chromium/src/chrome/common/ipc_channel_win.cc, line 346
[Child 6692, Chrome_C1555819733433	Marionette	INFO	Stopped listening on port 23703

###!!! [Child][MessageChannel::SendAndWait] Error: Channel error: cannot send/recv

1555819838805	mozrunner::runner	INFO	Running command: "C:\\Program Files\\Mozilla Firefox\\firefox.exe" "-marionette" "-foreground" "-no-remote" "-profile" "C:\\Users\\python\\AppData\\Local\\Temp\\rust_mozprofile.J6IJ9JyfIBdG"
JavaScript error: z2dd23ql4gh.cfg, line 2: ReferenceError: Components is not defined
1555819840452	addons.webextension.screenshots@mozilla.org	WARN	Loading extension 'screenshots@mozilla.org': Reading manifest: Invalid host permission: resource://pdf.js/
1555819840452	addons.webextension.screenshots@mozilla.org	WARN	Loading extension 'screenshots@mozilla.org': Reading manifest: Invalid host permission: about:reader*
1555819845582	Marionette	INFO	Listening on port 1164
1555819845693	Marionette	WARN	TLS certificate errors will be ignored for this session
[Parent 6612, Gecko_IOThread] WARNING: pipe error: 109: file z:/build/build/src/ipc/chromium/src/chrome/common/ipc_channel_win.cc, line 346
[Parent 6612, Gecko_IOThread] WARNING: pipe error: 109: file z:/build/build/src/ipc/chromium/src/chrome/common/ipc_channel_win.cc, line 346
[Parent 6612, Gecko_IOThread] WARNING: pipe error: 109: file z:/build/build/src/ipc/chromium/src/chrome/common/ipc_channel_win.cc, line 346
1555819879505	mozrunner::runner	INFO	Running command: "C:\\Program Files\\Mozilla Firefox\\firefox.exe" "-marionette" "-foreground" "-no-remote" "-profile" "C:\\Users\\python\\AppData\\Local\\Temp\\rust_mozprofile.WidbhzLZuLaw"
JavaScript error: z2dd23ql4gh.cfg, line 2: ReferenceError: Components is not defined
1555819880931	addons.webextension.screenshots@mozilla.org	WARN	Loading extension 'screenshots@mozilla.org': Reading manifest: Invalid host permission: resource://pdf.js/
1555819880931	addons.webextension.screenshots@mozilla.org	WARN	Loading extension 'screenshots@mozilla.org': Reading manifest: Invalid host permission: about:reader*
1555819885784	Marionette	INFO	Listening on port 1270
1555819886269	Marionette	WARN	TLS certificate errors will be ignored for this session
JavaScript error: https://cdata.58.com/nfp.html?from=weba_captcha&clientType=1&callback=isOK&token=daVEdI5z%2BxXsMAemX9m%2B%2BSxCFagec6%2BCvuGE7BsLqgktrbiPfPdtZg9W02MvjwKPin35brBb%2F%2FeSODvMgkQULA%3D%3D, line 17: ReferenceError: __0x9527bc is not defined
console.error: BroadcastService: 
  receivedBroadcastMessage: handler for
  remote-settings/monitor_changes
  threw error:
  Message: Error: Polling for changes failed: NetworkError when attempting to fetch resource..
  Stack:
    remoteSettingsFunction/remoteSettings.pollChanges@resource://services-settings/remote-settings.js:750:13

IPDL protocol error: Handler returned error code!

###!!! [Parent][DispatchAsyncMessage] Error: PLayerTransaction::Msg_ReleaseLayer Processing error: message was deserialized, but the handler returned false (indicating failure)

IPDL protocol error: Handler returned error code!

###!!! [Parent][DispatchAsyncMessage] Error: PLayerTransaction::Msg_ReleaseLayer Processing error: message was deserialized, but the handler returned false (indicating failure)

IPDL protocol error: Handler returned error code!

###!!! [Parent][DispatchAsyncMessage] Error: PLayerTransaction::Msg_ReleaseLayer Processing error: message was deserialized, but the handler returned false (indicating failure)

IPDL protocol error: Handler returned error code!

###!!! [Parent][DispatchAsyncMessage] Error: PLayerTransaction::Msg_ReleaseLayer Processing error: message was deserialized, but the handler returned false (indicating failure)

IPDL protocol error: Handler returned error code!

###!!! [Parent][DispatchAsyncMessage] Error: PLayerTransaction::Msg_ReleaseLayer Processing error: message was deserialized, but the handler returned false (indicating failure)

IPDL protocol error: Handler returned error code!

###!!! [Parent][DispatchAsyncMessage] Error: PLayerTransaction::Msg_ReleaseLayer Processing error: message was deserialized, but the handler returned false (indicating failure)

[Child 13812, Chrome_ChildThread] WARNING: pipe error: 109: file z:/build/build/src/ipc/chromium/src/chrome/common/ipc_channel_win.cc, line 346
[Child 13812, Chrome_ChildThread] WARNING: pipe error: 109: file z:/build/build/src/ipc/ch[Child 1476, Chrome_ChildThread] WARNING: pipe error: 109: file z:/build/build/src/ipc/chromium/src/chrome/common/ipc_channel_win.cc, line 346
[Child 1476, Chrome_ChildThread] WARNING: pipe error: 109: file z:/build/build/src/ipc/chromium/src/chrome/common/ipc_channel_win.cc, line 346
[Parent 9376, Gecko_IOThread] WARNING: pipe error: 109: file z:/build/build/src/ipc/chromium/src/chrome/common/ipc_channel_win.cc, line 346
1555820726575	Marionette	INFO	Stopped listening on port 1270

###!!! [Child][RunMessage] Error: Channel closing: too late to send/recv, messages will be lost

[GPU 16396, Chrome_ChildThread] WARNING: pi1555820996598	mozrunner::runner	INFO	Running command: "C:\\Program Files\\Mozilla Firefox\\firefox.exe" "-marionette" "-foreground" "-no-remote" "-profile" "C:\\Users\\python\\AppData\\Local\\Temp\\rust_mozprofile.de2WPC75I3q8"
JavaScript error: z2dd23ql4gh.cfg, line 2: ReferenceError: Components is not defined
1555820998254	addons.webextension.screenshots@mozilla.org	WARN	Loading extension 'screenshots@mozilla.org': Reading manifest: Invalid host permission: resource://pdf.js/
1555820998254	addons.webextension.screenshots@mozilla.org	WARN	Loading extension 'screenshots@mozilla.org': Reading manifest: Invalid host permission: about:reader*
1555821010338	Marionette	INFO	Listening on port 1395
1555821010555	Marionette	WARN	TLS certificate errors will be ignored for this session
1555821033091	Marionette	INFO	Stopped listening on port 1395
[Parent 11692, Gecko_IOThread] WARNING: pipe error: 109: file z:/build/build/src/ipc/chromium/src/chrome/common/ipc_channel_win.cc, line 346
[Child 3808, Chrome_ChildThread] WARNING: pipe error: 109: file z:/build/build/src/ipc/chromium/src/chrome/common/ipc_channel_win.cc, line 346
[Child 3808, Chrom[Parent 11692, Gecko_IOThread] WARNING: pipe error: 109: file z:/build/build/src/ipc/chromium/src/chrome/common/ipc_channel_win.cc, line 346
[Child 9912, Chrome_ChildThread] WARNING: pipe error: 109: file z:/build/build/src/ipc/chromium/src/chrome/common/ipc_channel_win.cc, line 346
[Child 9912, Chrome_ChildThread] WARNING: pipe error: 109: file z:/build/build/src/ipc/chromium/src/chrome/common/ipc_[Parent 11692, Gecko_IOThread] WARNING: pipe error: 109: file z:/build/build/src/ipc/chromium/src/chrome/common/ipc_channel_win.cc, line 346
[Child 15972, Chrome_ChildThread] WARNING: pipe error: 109: file z:/build/build/src/ipc/chromium/src/chrome/common/ipc_channel_win.cc, line 346
[Child 15972, Chrome_ChildThread] WARNING: pipe error: 109: file z:/build/build/src/ipc/chromium/src/chrome/common/ipc_channel_win.cc, line 346

###!!! [Child][MessageChannel::SendAndWait] Error: Channel error: cannot send/recv

1555821051605	mozrunner::runner	INFO	Running command: "C:\\Program Files\\Mozilla Firefox\\firefox.exe" "-marionette" "-foreground" "-no-remote" "-profile" "C:\\Users\\python\\AppData\\Local\\Temp\\rust_mozprofile.gxSU2XaQCorv"
JavaScript error: z2dd23ql4gh.cfg, line 2: ReferenceError: Components is not defined
1555821053040	addons.webextension.screenshots@mozilla.org	WARN	Loading extension 'screenshots@mozilla.org': Reading manifest: Invalid host permission: resource://pdf.js/
1555821053040	addons.webextension.screenshots@mozilla.org	WARN	Loading extension 'screenshots@mozilla.org': Reading manifest: Invalid host permission: about:reader*
1555821059577	Marionette	INFO	Listening on port 1587
1555821059658	Marionette	WARN	TLS certificate errors will be ignored for this session
[Parent 13812, Gecko_IOThread] WARNING: pipe error: 109: file z:/build/build/src/ipc/chromium/src/chrome/common/ipc_channel_win.cc, line 346
1555821072972	Marionette	INFO	Stopped listening on port 1587
1555828522946	mozrunner::runner	INFO	Running command: "C:\\Program Files\\Mozilla Firefox\\firefox.exe" "-marionette" "-foreground" "-no-remote" "-profile" "C:\\Users\\python\\AppData\\Local\\Temp\\rust_mozprofile.qhSIAqudtd7r"
JavaScript error: z2dd23ql4gh.cfg, line 2: ReferenceError: Components is not defined
1555828526783	addons.webextension.screenshots@mozilla.org	WARN	Loading extension 'screenshots@mozilla.org': Reading manifest: Invalid host permission: resource://pdf.js/
1555828526783	addons.webextension.screenshots@mozilla.org	WARN	Loading extension 'screenshots@mozilla.org': Reading manifest: Invalid host permission: about:reader*
1555828533713	Marionette	INFO	Listening on port 16586
1555828534235	Marionette	WARN	TLS certificate errors will be ignored for this session
console.error: BroadcastService: 
  receivedBroadcastMessage: handler for
  remote-settings/monitor_changes
  threw error:
  Message: Error: Polling for changes failed: NetworkError when attempting to fetch resource..
  Stack:
    remoteSettingsFunction/remoteSettings.pollChanges@resource://services-settings/remote-settings.js:750:13

1555828777258	mozrunner::runner	INFO	Running command: "C:\\Program Files\\Mozilla Firefox\\firefox.exe" "-marionette" "-foreground" "-no-remote" "-profile" "C:\\Users\\python\\AppData\\Local\\Temp\\rust_mozprofile.W6AMRxFo0WHW"
JavaScript error: z2dd23ql4gh.cfg, line 2: ReferenceError: Components is not defined
1555828778477	addons.webextension.screenshots@mozilla.org	WARN	Loading extension 'screenshots@mozilla.org': Reading manifest: Invalid host permission: resource://pdf.js/
1555828778477	addons.webextension.screenshots@mozilla.org	WARN	Loading extension 'screenshots@mozilla.org': Reading manifest: Invalid host permission: about:reader*
1555828781087	Marionette	INFO	Listening on port 17274
1555828781205	Marionette	WARN	TLS certificate errors will be ignored for this session
[Parent 5508, Gecko_IOThread] WARNING: pipe error: 109: file z:/build/build/src/ipc/chromium/src/chrome/common/ipc_channel_win.cc, line 346
[Parent 5508, Gecko_IOThread] WARNING: pipe error: 109: file z:/build/build/src/ipc/chromium/src/chrome/common/ipc_channel_win.cc, line 346
[Child 16592, Chrome_ChildThread] WARNING: pipe error: 109: file z:/build/build/src/ipc/chromium/src/chrome/common/ipc_channel_win.cc, line 346
[Child 16592, Chrome_ChildThread] WARNING: pipe error: 109: file z:/build/build/src/ipc/chromium/src/chrome/common/ipc_channel_win.cc, line 346
1555828790243	Marionette	INFO	Stopped listening on port 17274

###!!! [Child][RunMessage] Error: Channel closing: too late to send/recv, messages will be lost

[GPU 172, Chrome_ChildThread] WARNING: pipe error: 109: file z:/build/build/src/
###!!! [Child][MessageChannel::SendAndWait] Error: Channel error: cannot send/recv

1555829039738	mozrunner::runner	INFO	Running command: "C:\\Program Files\\Mozilla Firefox\\firefox.exe" "-marionette" "-foreground" "-no-remote" "-profile" "C:\\Users\\python\\AppData\\Local\\Temp\\rust_mozprofile.XHqW9HcEPIUM"
JavaScript error: z2dd23ql4gh.cfg, line 2: ReferenceError: Components is not defined
1555829041471	addons.webextension.screenshots@mozilla.org	WARN	Loading extension 'screenshots@mozilla.org': Reading manifest: Invalid host permission: resource://pdf.js/
1555829041472	addons.webextension.screenshots@mozilla.org	WARN	Loading extension 'screenshots@mozilla.org': Reading manifest: Invalid host permission: about:reader*
1555829046847	Marionette	INFO	Listening on port 17998
1555829047175	Marionette	WARN	TLS certificate errors will be ignored for this session
console.error: BroadcastService: 
  receivedBroadcastMessage: handler for
  remote-settings/monitor_changes
  threw error:
  Message: Error: Polling for changes failed: NetworkError when attempting to fetch resource..
  Stack:
    remoteSettingsFunction/remoteSettings.pollChanges@resource://services-settings/remote-settings.js:750:13

[Parent 8532, Gecko_IOThread] WARNING: pipe error: 109: file z:/build/build/src/ipc/chromium/src/chrome/common/ipc_channel_win.cc, line 346
[Parent 8532, Gecko_IOThread] WARNING: pipe error: 109: file z:/build/build/src/ipc/chromium/src/chrome/common/ipc_channel_win.cc, line 346
[Child 2772, Chrome_ChildThread] WARNING: pipe error: 109: file z:/build/build/src/ipc/chromium/src/chrome/common/ipc_channel_win.cc, line 346
[Parent 8532, Gecko_IOThread] WARNING: pipe error: 109: file z:/build/build/src/ipc/chromium/src/chrome/common/ipc_channel_win.cc, line 346
1555829159857	Marionette	INFO	Stopped listening on port 17998

###!!! [Child][Mess1555829163907	Marionette	INFO	Listening on port 18356
1555829164280	Marionette	WARN	TLS certificate errors will be ignored for this session
console.error: BroadcastService: 
  receivedBroadcastMessage: handler for
  remote-settings/monitor_changes
  threw error:
  Message: Error: Polling for changes failed: NetworkError when attempting to fetch resource..
  Stack:
    remoteSettingsFunction/remoteSettings.pollChanges@resource://services-settings/remote-settings.js:750:13

[Child 12248, Chrome_ChildThread] WARNING: pipe error: 109: file z:/build/build/src/ipc/chromium/src/chrome/common/ipc_channel_win.cc, line 346
[Child 12248, Chrome_ChildThread] WARNING: pipe err[Child 10800, Chrome_ChildThreadJavaScript error: z2dd23ql4gh.cfg, line 2: ReferenceError: Components is not defined
1555829249243	addons.webextension.screenshots@mozilla.org	WARN	Loading extension 'screenshots@mozilla.org': Reading manifest: Invalid host permission: resource://pdf.js/
1555829249243	addons.webextension.screenshots@mozilla.org	WARN	Loading extension 'screenshots@mozilla.org': Reading manifest: Invalid host permission: about:reader*
1555829253721	Marionette	INFO	Listening on port 18678
1555829253931	Marionette	WARN	TLS certificate errors will be ignored for this session
1555829262274	Marionette	INFO	Stopped listening on port 18678
[Parent 16668, Gecko_IOThread] WARNING: pipe error: 109: file z:/build/build/src/ipc/chromium/src/chrome/common/ipc_channel_win.cc, line 346
[Child 11744, Chrome_ChildThread] WARNING: pipe error: 109: file z:/build/build/src/ipc/chromium/src/chrome/common/ipc_channel_win.cc, line 346
[Child 11744, Chrome_Ch[Child 16776, Chrome_ChildThread] WARNING: pipe error: 109: file z:/build/build/src/ipc/chromium/src/chrome/common/ipc_channel_win.cc, line 346
[Child 16776, Chrome_ChildThread] WARNING: pipe error: 109: file z:/build/build/src/ip[Parent 16668, Gecko_IOThread] WARNING: pipe error: 109: file z:/build/build/src/ipc/chromium/src/chrome/common/ipc_channel_win.cc, line 346

###!!! [Child][RunMessage] Error: Channel closing: too late to send/recv, messages will be lost

[GPU 9784, Chrome_ChildThread] WARNING: pipe error: 109: file z:/build/build/src/ipc/chromium/src/chrome/common/ipc_channel_win.cc, line 34
###!!! [Child][MessageChannel::SendAndWait] Error: Channel error: cannot send/recv

1555829859053	mozrunner::runner	INFO	Running command: "C:\\Program Files\\Mozilla Firefox\\firefox.exe" "-marionette" "-foreground" "-no-remote" "-profile" "C:\\Users\\python\\AppData\\Local\\Temp\\rust_mozprofile.pwI088kO0zJH"
JavaScript error: z2dd23ql4gh.cfg, line 2: ReferenceError: Components is not defined
1555829860257	addons.webextension.screenshots@mozilla.org	WARN	Loading extension 'screenshots@mozilla.org': Reading manifest: Invalid host permission: resource://pdf.js/
1555829860258	addons.webextension.screenshots@mozilla.org	WARN	Loading extension 'screenshots@mozilla.org': Reading manifest: Invalid host permission: about:reader*
1555829866486	Marionette	INFO	Listening on port 20425
1555829866586	Marionette	WARN	TLS certificate errors will be ignored for this session
1555829875960	Marionette	INFO	Stopped listening on port 20425
[Parent 12788, Gecko_IOThread] WARNING: pipe error: 109: file z:/build/build/src/ipc/chromium/src/chrome/common/ipc_channel_win.cc, line 346
[Child 9324, Chrome_ChildThread] WARNING: pipe error: 109: file z:/build/build/src/ipc/chromium/src/chrome/common/ipc_channel_win.cc, line 346
[Child 9324, Chro[Child 14784, Chrome_ChildThread] WARNING: pipe error: 109: file z:/build/build/src/ipc/chromium/src/chrome/common/ipc_channel_win.cc, line 346
[Child 14784, Chrome_ChildThread] WARNING: pipe error: 109: file z:/build/build/src/ipc/chromium/src/chrome/common/ipc_chan
###!!! [Child][MessageChannel::SendAndWait] Error: Channel error: cannot send/recv

1555830053024	mozrunner::runner	INFO	Running command: "C:\\Program Files\\Mozilla Firefox\\firefox.exe" "-marionette" "-foreground" "-no-remote" "-profile" "C:\\Users\\python\\AppData\\Local\\Temp\\rust_mozprofile.4Ii3P0wsavh8"
JavaScript error: z2dd23ql4gh.cfg, line 2: ReferenceError: Components is not defined
1555830055266	addons.webextension.screenshots@mozilla.org	WARN	Loading extension 'screenshots@mozilla.org': Reading manifest: Invalid host permission: resource://pdf.js/
1555830055266	addons.webextension.screenshots@mozilla.org	WARN	Loading extension 'screenshots@mozilla.org': Reading manifest: Invalid host permission: about:reader*
1555830059998	Marionette	INFO	Listening on port 20948
1555830060387	Marionette	WARN	TLS certificate errors will be ignored for this session
IPDL protocol error: Handler returned error code!

###!!! [Parent][DispatchAsyncMessage] Error: PLayerTransaction::Msg_ReleaseLayer Processing error: message was deserialized, but the handler returned false (indicating failureJavaScript error: z2dd23ql4gh.cfg, line 2: ReferenceError: Components is not defined
1555830090278	addons.webextension.screenshots@mozilla.org	WARN	Loading extension 'screenshots@mozilla.org': Reading manifest: Invalid host permission: resource://pdf.js/
1555830090279	addons.webextension.screenshots@mozilla.org	WARN	Loading extension 'screenshots@mozilla.org': Reading manifest: Invalid host permission: about:reader*
1555830096232	Marionette	INFO	Listening on port 21046
1555830096392	Marionette	WARN	TLS certificate errors will be ignored for this session
1555830113283	Marionette	INFO	Stopped listening on port 21046
[Parent 5488, Gecko_IOThread] WARNING: pipe error: 109: file z:/build/build/src/ipc/chromium/src/chrome/common/ipc_channel_win.cc, line 346

###!!! [Child][MessageChannel::SendAndWait] Error: Channel error: cannot send/recv

essage was deserialized, but the handler returned false (indicating failure)

IPDL protocol error: Handler returned error code!

###!!! [Parent][DispatchAsyncMessage] Error: PLayerTransaction::Msg_ReleaseLayer Processing error: message was deserialized, but the handler returned false (indicating failure)

[Child 12608, Chrome_ChildThread] WARNING: pipe error: 109: file z:/build/build/src/ipc/chromium/src/chrome/common/ipc_channel_win.cc, line 346
[Child 12608, Chrome_ChildThread] WARNING: pipe error: 109: file z:/build/build/src/ipc/chromium/src/chrome/common/ipc_channel_win.cc, line 346
[Child 1616, Chrome_ChildThread] WARNING: pipe error: 109: file z:/build/build/src/ipc/chromium/src/chrome/common/ipc_channel_win.cc, line 346
[Parent 5060, Gecko_IOThread] WARNING: pipe error: 109: file z:/build/build/src/ipc/chromium/src/chrome/common/ipc_channel_win.cc, line 346
1555830089280	Marionette	INFO	Stopped listening on port 20948

###!!! [Child][RunMessage] Error: Channel closing: too late to send/recv, messages will be lost

[GPU 6736, Chrome_ChildThread] WARNING: pi
###!!! [Child][MessageChannel::SendAndWait] Error: Channel error: cannot send/recv

1555830198702	mozrunner::runner	INFO	Running command: "C:\\Program Files\\Mozilla Firefox\\firefox.exe" "-marionette" "-foreground" "-no-remote" "-profile" "C:\\Users\\python\\AppData\\Local\\Temp\\rust_mozprofile.TeZmEITxNhnM"
JavaScript error: z2dd23ql4gh.cfg, line 2: ReferenceError: Components is not defined
1555830200371	addons.webextension.screenshots@mozilla.org	WARN	Loading extension 'screenshots@mozilla.org': Reading manifest: Invalid host permission: resource://pdf.js/
1555830200372	addons.webextension.screenshots@mozilla.org	WARN	Loading extension 'screenshots@mozilla.org': Reading manifest: Invalid host permission: about:reader*
1555830204250	Marionette	INFO	Listening on port 21558
1555830204418	Marionette	WARN	TLS certificate errors will be ignored for this session
[Parent 14164, Gecko_IOThread] WARNING: pipe error: 109: file z:/build/build/src/ipc/chromium/src/chrome/common/ipc_channel_win.cc, line 346
1555830221051	Marionette	INFO	Stopped listening on port 21558
[Parent 14164, Gecko_IOThread] WARNING: pipe error: 109: file z:/build/build/src/ipc/chromium/src/chrome/common/ipc_channel_win.cc, line 346
[Parent 14164, Gecko_IOThread] WARNING: pipe error: 109: file z:/build/build/src/ipc/chromium/src/chrome/common/ipc_channel_win.cc, line 346
[Child 1080, Chrome_ChildThread] WARNING: pipe error: 109: file z:/build/build/src/ipc/chromium/src/chrome/common/ipc_channel_win.cc, line 346
[Child 1080, Chrome_ChildThread] WARNING: pipe error: 109: file z:/build/build/src/ipc/chromium/src/chrome/common/ipc_channel_win.cc, line 346
[Child 2316, Chrome_ChildThread] WARNING: pipe error: 109: file z:/build/build/src/ipc/chromium/src/chrome/common/ipc_channel_win.cc, line 346
[Child 2316, Chrome_Chil
###!!! [Child][RunMessage] Error: Channel closing: too late to send/recv, messages will be lost

[GPU 10868, Chrome_ChildThread] WARNING
###!!! [Child][MessageChannel::SendAndWait] Error: Channel error: cannot send/recv

1555830358265	mozrunner::runner	INFO	Running command: "C:\\Program Files\\Mozilla Firefox\\firefox.exe" "-marionette" "-foreground" "-no-remote" "-profile" "C:\\Users\\python\\AppData\\Local\\Temp\\rust_mozprofile.OY4q4tki3Tb2"
JavaScript error: z2dd23ql4gh.cfg, line 2: ReferenceError: Components is not defined
1555830361360	addons.webextension.screenshots@mozilla.org	WARN	Loading extension 'screenshots@mozilla.org': Reading manifest: Invalid host permission: resource://pdf.js/
1555830361360	addons.webextension.screenshots@mozilla.org	WARN	Loading extension 'screenshots@mozilla.org': Reading manifest: Invalid host permission: about:reader*
1555830366279	Marionette	INFO	Listening on port 22118
1555830366345	Marionette	WARN	TLS certificate errors will be ignored for this session
1555830385682	Marionette	INFO	Stopped listening on port 22118
[Parent 6552, Gecko_IOThread] WARNING: pipe error: 109: file z:/build/build/src/ipc/chromium/src/chrome/common/ipc_channel_win.cc, line 346
[Child 11400, Chrome_ChildThread] WARNING: pipe error: 109: file z:/build/build/src/ipc/chromium/src/chrome/common/ipc_channel_win.cc, line 346
[Child 11400, Chrome_ChildThread] WARNING: pipe error: 109: file z:/build/build/src/ipc/chromium/src/chrome/common/ipc_channel_win.cc, line 346
[Parent 6552, Gecko_IOThread] WARNING: pipe error: 109: file z:/build/build/src/ipc/chromium/src/chrome/common/ipc_channel_win.cc, line 346

###!!! [Child][MessageChannel::SendAndWait] Error: Channel error: cannot send/recv

1555831196876	mozrunner::runner	INFO	Running command: "C:\\Program Files\\Mozilla Firefox\\firefox.exe" "-marionette" "-foreground" "-no-remote" "-profile" "C:\\Users\\python\\AppData\\Local\\Temp\\rust_mozprofile.EV5WARuxha9G"
JavaScript error: z2dd23ql4gh.cfg, line 2: ReferenceError: Components is not defined
1555831198469	addons.webextension.screenshots@mozilla.org	WARN	Loading extension 'screenshots@mozilla.org': Reading manifest: Invalid host permission: resource://pdf.js/
1555831198469	addons.webextension.screenshots@mozilla.org	WARN	Loading extension 'screenshots@mozilla.org': Reading manifest: Invalid host permission: about:reader*
1555831201891	Marionette	INFO	Listening on port 1727
1555831201951	Marionette	WARN	TLS certificate errors will be ignored for this session
1555831221205	Marionette	INFO	Stopped listening on port 1727
[Parent 11036, Gecko_IOThread] WARNING: pipe error: 109: file z:/build/build/src/ipc/chromium/src/chrome/common/ipc_channel_win.cc, line 346
[Parent 11036, Gecko_IOThread] WARNING: pipe error: 109: file z:/build/build/src/ipc/chromium/src/chrome/common/ipc_channel_win.cc, line 346
[Parent 11036, Gecko_IOThread] WARNING: pipe error: 109: file z:/build/build/src/ipc/chromium/src/chrome/common/ipc_channel_win.cc, line 346
[Parent 11036, Gecko_IOThread] WARNING: pipe error: 109: file z:/build/build/src/ipc/chromium/src/chrome/common/ipc_channel_win.cc, line 346
[GPU 5460, Chrome_ChildThread] WARNING: pipe error: 109: file z:/build/build/src/ipc/ch
###!!! [Child][MessageChannel::SendAndWait] Error: Channel error: cannot send/recv

1555831292506	mozrunner::runner	INFO	Running command: "C:\\Program Files\\Mozilla Firefox\\firefox.exe" "-marionette" "-foreground" "-no-remote" "-profile" "C:\\Users\\python\\AppData\\Local\\Temp\\rust_mozprofile.nhfkJNxpae6R"
JavaScript error: z2dd23ql4gh.cfg, line 2: ReferenceError: Components is not defined
1555831294134	addons.webextension.screenshots@mozilla.org	WARN	Loading extension 'screenshots@mozilla.org': Reading manifest: Invalid host permission: resource://pdf.js/
1555831294134	addons.webextension.screenshots@mozilla.org	WARN	Loading extension 'screenshots@mozilla.org': Reading manifest: Invalid host permission: about:reader*
1555831298628	Marionette	INFO	Listening on port 2044
1555831298907	Marionette	WARN	TLS certificate errors will be ignored for this session
1555831308754	Marionette	INFO	Stopped listening on port 2044
[Child 17216, Chrome_ChildThread] WARNING: pipe error: 109: file z:/build/build/src/ipc/chromium/src/chrome/common/ipc_channel_win.cc, line 346
[Child 17216, Chrome_ChildThread] WARNING: pipe error: [Child 5076, Chrome_ChildThread] WARNING: pipe error: 109: file z:/build/build/src/ipc/chromium/src/chrome/common/ipc_channel_win.cc, line 346
[Child 5076, Chrome_ChildThread] WARNING[Parent 15760, Gecko_IOThread] WARNING: pipe error: 109: file z:/build/build/src/ipc/chromium/src/chrome/common/ipc_channel_win.cc, line 346

###!!! [Child][RunMessage] Error: Channel closing: too late to send/recv, messages will be lost

[GPU 14340, Chrome_ChildThread] WARNING: pipe error: 109: file z:/build/build/src/ipc/chromium/src/chrome/common/ipc_channel
###!!! [Child][MessageChannel::SendAndWait] Error: Channel error: cannot send/recv

1558777169527	mozrunner::runner	INFO	Running command: "C:\\Program Files\\Mozilla Firefox\\firefox.exe" "-marionette" "-foreground" "-no-remote" "-profile" "C:\\Users\\python\\AppData\\Local\\Temp\\rust_mozprofile.pW9a8jNc3VfF"
1558777254128	mozrunner::runner	INFO	Running command: "C:\\Program Files\\Mozilla Firefox\\firefox.exe" "-marionette" "-foreground" "-no-remote" "-profile" "C:\\Users\\python\\AppData\\Local\\Temp\\rust_mozprofile.U7k6ObyQzNBO"
JavaScript error: z2dd23ql4gh.cfg, line 2: ReferenceError: Components is not defined
1558777255858	addons.webextension.screenshots@mozilla.org	WARN	Loading extension 'screenshots@mozilla.org': Reading manifest: Invalid extension permission: mozillaAddons
1558777255859	addons.webextension.screenshots@mozilla.org	WARN	Loading extension 'screenshots@mozilla.org': Reading manifest: Invalid extension permission: resource://pdf.js/
1558777255859	addons.webextension.screenshots@mozilla.org	WARN	Loading extension 'screenshots@mozilla.org': Reading manifest: Invalid extension permission: about:reader*
1558777263837	Marionette	INFO	Listening on port 23767
1558777264398	Marionette	WARN	TLS certificate errors will be ignored for this session
[Parent 7480, Gecko_IOThread] WARNING: pipe error: 109: file z:/build/build/src/ipc/chromium/src/chrome/common/ipc_channel_win.cc, line 332
console.error: "Error: Can not send request because front 'domnode' is already destroyed.: generateRequestMethods/</frontProto[name]@resource://devtools/shared/protocol.js:1522:15\nupdateSelectionCssSelector@resource://devtools/client/inspector/inspector.js:1226:7\nonNewSelection@resource://devtools/client/inspector/inspector.js:1291:5\nemit@resource://devtools/shared/event-emitter.js:186:15\nemit@resource://devtools/shared/event-emitter.js:267:5\nsetNodeFront@resource://devtools/client/framework/selection.js:153:5\nonDetached@resource://devtools/client/inspector/inspector.js:1364:5\nemit@resource://devtools/shared/event-emitter.js:186:15\nemit@resource://devtools/shared/event-emitter.js:267:5\n_onMutations@resource://devtools/client/framework/selection.js:105:7\nemit@resource://devtools/shared/event-emitter.js:186:15\nemit@resource://devtools/shared/event-emitter.js:267:5\ngetMutations/<@resource://devtools/shared/fronts/inspector.js:402:7\n"
Error: Can not send request because front 'domnode' is already destroyed.: generateRequestMethods/</frontProto[name]@resource://devtools/shared/protocol.js:1522:15
updateSelectionCssSelector@resource://devtools/client/inspector/inspector.js:1226:7
onNewSelection@resource://devtools/client/inspector/inspector.js:1291:5
emit@resource://devtools/shared/event-emitter.js:186:15
emit@resource://devtools/shared/event-emitter.js:267:5
setNodeFront@resource://devtools/client/framework/selection.js:153:5
onDetached@resource://devtools/client/inspector/inspector.js:1364:5
emit@resource://devtools/shared/event-emitter.js:186:15
emit@resource://devtools/shared/event-emitter.js:267:5
_onMutations@resource://devtools/client/framework/selection.js:105:7
emit@resource://devtools/shared/event-emitter.js:186:15
emit@resource://devtools/shared/event-emitter.js:267:5
getMutations/<@resource://devtools/shared/fronts/inspector.js:402:7

console.error: "TypeError: parent is null: canMutationImpactCurrentStyles@resource://devtools/client/inspector/shared/style-change-tracker.js:65:13\nonMutations@resource://devtools/client/inspector/shared/style-change-tracker.js:82:11\nemit@resource://devtools/shared/event-emitter.js:186:15\nemit@resource://devtools/shared/event-emitter.js:267:5\ngetMutations/<@resource://devtools/shared/fronts/inspector.js:402:7\n"
TypeError: parent is null: canMutationImpactCurrentStyles@resource://devtools/client/inspector/shared/style-change-tracker.js:65:13
onMutations@resource://devtools/client/inspector/shared/style-change-tracker.js:82:11
emit@resource://devtools/shared/event-emitter.js:186:15
emit@resource://devtools/shared/event-emitter.js:267:5
getMutations/<@resource://devtools/shared/fronts/inspector.js:402:7

console.error: BroadcastService: 
  receivedBroadcastMessage: handler for
  remote-settings/monitor_changes
  threw error:
  Message: Error: Polling for changes failed: NetworkError when attempting to fetch resource..
  Stack:
    remoteSettingsFunction/remoteSettings.pollChanges@resource://services-settings/remote-settings.js:190:13

[Parent 7480, Gecko_IOThread] WARNING: pipe error: 109: file z:/build/build/src/ipc/chromium/src/chrome/common/ipc_channel_win.cc, line 332
[Child 14824, Chrome_ChildThread] WARNING: pipe error: 109: file z:/build/build/src/ipc/chromium/src/chrome/common/ipc_channel_win.cc, line 332
[Child 14824, Chrome_ChildThread] WARNING: pipe error: 109: file z:/build/build/src/ipc/chromium/src/chrome/common/ipc_channel_win.cc, line 332
[Parent 7480, Gecko_IOThread] WARNING: pipe error: 109: file z:/build/build/src/ipc/chromium/src/chrome/common/ipc_channel_win.cc, line 332
[Parent 7480, Gecko_IOThread] WARNING: pipe error: 109: file z:/build/build/src/ipc/chromium/src/chrome/common/ipc_channel_win.cc, line 332
[Child 2788, Chrome_ChildThread] WARNING: pipe error: 109: file z:/build/build/src/ipc/chromium/src/chrome/common/ipc_channel_win.cc, line 332
[Child 2788, Chrome_ChildThread] WARNING: pipe error: 109: file z:/build/build/src/ipc/chromium/src/chrome/common/ipc_channel_win.cc, line 332
[Child 3772, Chrome_ChildThread] WARNING: pipe error: 109: file z:/build/build/src/ipc/chromium/src/chrome/common/ipc_channel_win.cc, line 332
1558777947056	Marionette	INFO	Stopped listening on port 23767

###!!! [Child][RunMessage] Error: Channel closing: too late to send/recv, messages will be lost

[GPU 1624
###!!! [Child][MessageChannel::SendAndWait] Error: Channel error: cannot send/recv

[Parent 7480, Gecko_IOThread] WARNING: pipe error: 232: file z:/build/build/src/ipc/chromium/src/chrome/common/ipc_channel_win.cc, line 493
1558777953142	mozrunner::runner	INFO	Running command: "C:\\Program Files\\Mozilla Firefox\\firefox.exe" "-marionette" "-foreground" "-no-remote" "-profile" "C:\\Users\\python\\AppData\\Local\\Temp\\rust_mozprofile.9VTTm9U59xdd"
JavaScript error: z2dd23ql4gh.cfg, line 2: ReferenceError: Components is not defined
1558777955180	addons.webextension.screenshots@mozilla.org	WARN	Loading extension 'screenshots@mozilla.org': Reading manifest: Invalid extension permission: mozillaAddons
1558777955181	addons.webextension.screenshots@mozilla.org	WARN	Loading extension 'screenshots@mozilla.org': Reading manifest: Invalid extension permission: resource://pdf.js/
1558777955181	addons.webextension.screenshots@mozilla.org	WARN	Loading extension 'screenshots@mozilla.org': Reading manifest: Invalid extension permission: about:reader*
1558777962755	Marionette	INFO	Listening on port 24558
1558777963019	Marionette	WARN	TLS certificate errors will be ignored for this session
JavaScript error: resource://devtools/client/framework/toolbox.js, line 1275: TypeError: currentPanel is undefined
IPDL protocol error: Handler returned error code!

###!!! [Parent][DispatchAsyncMessage] Error: PLayerTransaction::Msg_ReleaseLayer Processing error: message was deserialized, but the handler returned false (indicating failure)

IPDL protocol error: Handler returned error code!

###!!! [Parent][DispatchAsyncMessage] Error: PLayerTransaction::Msg_ReleaseLayer Processing error: message was deserialized, but the handler returned false (indicating failure)

IPDL protocol error: Handler returned error code!

###!!! [Parent][DispatchAsyncMessage] Error: PLayerTransaction::Msg_ReleaseLayer Processing error: message was deserialized, but the handler returned false (indicating failure)

IPDL protocol error: Handler returned error code!

###!!! [Parent][DispatchAsyncMessage] Error: PLayerTransaction::Msg_ReleaseLayer Processing error: message was deserialized, but the handler returned false (indicating failure)

[Child 14236, Chrome_ChildThread] WARNING: pipe error: 109: file z:/build/build/src/ipc/chromium/src/chrome/common/ipc_channel_win.cc, line 332
[Child 14236, Chrome_ChildThread] WARNING: pipe error: 109: f[Child 11456, Chrome_ChildThread] WARNING: pipe error: 109: file z:/build/build/src/ipc/chromium/src/chrome/common/ipc_channel_win.cc, line 332
[Child 11456, Chrome_ChildThread] WARNING: pipe error: 109: file z:/build/build/src/ipc/chromium/src/chrome/common/ipc_channel_win.cc, line[Parent 7116, Gecko_IOThread] WARNING: pipe error: 109: file z:/build/build/src/ipc/chromium/src/chrome/common/ipc_channel_win.cc, line 332
1558778125152	Marionette	INFO	Stopped listening on port 24558

###!!! [Child][RunMessage] Error: Channel closing: too late to send/recv, messages will be lost

[GPU 16688, Chrome_ChildThread] WARNING: pipe error: 109: file z:/buil
###!!! [Child][MessageChannel::SendAndWait] Error: Channel error: cannot send/recv

1558778132470	mozrunner::runner	INFO	Running command: "C:\\Program Files\\Mozilla Firefox\\firefox.exe" "-marionette" "-foreground" "-no-remote" "-profile" "C:\\Users\\python\\AppData\\Local\\Temp\\rust_mozprofile.B4UiRckbymgs"
JavaScript error: z2dd23ql4gh.cfg, line 2: ReferenceError: Components is not defined
1558778134159	addons.webextension.screenshots@mozilla.org	WARN	Loading extension 'screenshots@mozilla.org': Reading manifest: Invalid extension permission: mozillaAddons
1558778134160	addons.webextension.screenshots@mozilla.org	WARN	Loading extension 'screenshots@mozilla.org': Reading manifest: Invalid extension permission: resource://pdf.js/
1558778134160	addons.webextension.screenshots@mozilla.org	WARN	Loading extension 'screenshots@mozilla.org': Reading manifest: Invalid extension permission: about:reader*
1558778140813	Marionette	INFO	Listening on port 24803
1558778140901	Marionette	WARN	TLS certificate errors will be ignored for this session
console.error: BroadcastService: 
  receivedBroadcastMessage: handler for
  remote-settings/monitor_changes
  threw error:
  Message: Error: Polling for changes failed: NetworkError when attempting to fetch resource..
  Stack:
    remoteSettingsFunction/remoteSettings.pollChanges@resource://services-settings/remote-settings.js:190:13

IPDL protocol error: Handler returned error code!

###!!! [Parent][DispatchAsyncMessage] Error: PLayerTransaction::Msg_ReleaseLayer Processing error: message was deserialized, but the handler returned false (indicating failure)

IPDL protocol error: Handler returned error code!

###!!! [Parent][DispatchAsyncMessage] Error: PLayerTransaction::Msg_ReleaseLayer Processing error: message was deserialized, but the handler returned false (indicating failure)

IPDL protocol error: Handler returned error code!

###!!! [Parent][DispatchAsyncMessage] Error: PLayerTransaction::Msg_ReleaseLayer Processing error: message was deserialized, but the handler returned false (indicating failure)

IPDL protocol error: Handler returned error code!

###!!! [Parent][DispatchAsyncMessage] Error: PLayerTransaction::Msg_ReleaseLayer Processing error: message was deserialized, but the handler returned false (indicating failure)

[Parent 13208, Gecko_IOThread] WARNING: piIPDL protocol error: Handler returned error code!

###!!! [Parent][DispatchAsyncMessage] Error: PLayerTransaction::Msg_ReleaseLayer Processing error: message was deserialized, but the handler returned false (indicating failure)

IPDL protocol error: Handler returned error code!

###!!! [Parent][DispatchAsyncMessage] Error: PLayerTransaction::Msg_ReleaseLayer Processing error: message was deserialized, but the handler returned false (indicating failure)

IPDL protocol error: Handler returned error code!

###!!! [Parent][DispatchAsyncMessage] Error: PLayerTransaction::Msg_ReleaseLayer Processing error: message was deserialized, but the handler returned false (indicating failure)

IPDL protocol error: Handler returned error code!

###!!! [Parent][DispatchAsyncMessage] Error: PLayerTransaction::Msg_ReleaseLayer Processing error: message was deserialized, but the handler returned false (indicating failure)

[Child 15192, Chrome_ChildThread] WARNING: pipe error: 109: file z:/build/build/src/ipc/chromium/src/chrome/common/ipc_channel_win.cc, line 332
[Child 15192, Chrome_ChildThread] WAR[Child 4456, Chrome_ChildThread] WARNING: pipe error: 109: file z:/build/build/src/ipc/chromium/src/chrome/common/ipc_channel_win.cc, line 332
[Child 4456, Chrome_ChildThread] WARNING: pipe error: 109: file z:/build/build/src/ipc/chromium/src/chrome/common/ipc_channel_win.cc, line 332
[Parent 11628, Gecko_IOThread] WARNING: pipe error: 109: file z:/build/build/src/ipc/chromium/src/chrome/common/ipc_channel_win.cc, line 332
1558779010082	Marionette	INFO	Stopped listening on port 10291

###!!! [Child][RunMessage] Error: Channel closing: too late to send/recv, messages will be lost

[GPU 15320, Chrome_ChildThread] WARNING: pipe error: 109: file z:/build/build/src/ipc/chromium/src/chrome/common/ipc_channel_win.cc
###!!! [Child][MessageChannel::SendAndWait] Error: Channel error: cannot send/recv

ead] WARNING: pipe error: 109: file z:/build/build/src/ipc/chromium/src/chrome/common/ipc_channel_win.cc, line 332
[Child 10700, Chrome_ChildThread] WARNING: pipe error: 109: file z:/build/build/src/ipc/chromium/src/chrome/common/ipc_channel_wi[Child 9472, Chrome_ChildThread] WARNING: pipe error: 109: file z:/build/build/src/ipc/chromium/src/chrome/common/ipc_channel_win.cc, line 332
[Child 9472, Chr1558779008748	Marionette	INFO	Stopped listening on port 10421
[GPU 12220, Chrome_ChildThread] WARNING: pipe error: 109: file z:/build/build/src/ipc/chromium/src/chrome/common/ipc_channel_win.cc, line 332

###!!! [Child][MessageChannel::SendAndWait] Error: Channel error: cannot send/recv

1558779147481	mozrunner::runner	INFO	Running command: "C:\\Program Files\\Mozilla Firefox\\firefox.exe" "-marionette" "-foreground" "-no-remote" "-profile" "C:\\Users\\python\\AppData\\Local\\Temp\\rust_mozprofile.7iYI1v5SyTEZ"
JavaScript error: z2dd23ql4gh.cfg, line 2: ReferenceError: Components is not defined
1558779148788	addons.webextension.screenshots@mozilla.org	WARN	Loading extension 'screenshots@mozilla.org': Reading manifest: Invalid extension permission: mozillaAddons
1558779148788	addons.webextension.screenshots@mozilla.org	WARN	Loading extension 'screenshots@mozilla.org': Reading manifest: Invalid extension permission: resource://pdf.js/
1558779148788	addons.webextension.screenshots@mozilla.org	WARN	Loading extension 'screenshots@mozilla.org': Reading manifest: Invalid extension permission: about:reader*
1558779153758	Marionette	INFO	Listening on port 10875
1558779154170	Marionette	WARN	TLS certificate errors will be ignored for this session
[Parent 964, Gecko_IOThread] WARNING: pipe error: 109: file z:/build/build/src/ipc/chromium/src/chrome/common/ipc_channel_win.cc, line 332
[Parent 964, Gecko_IOThread] WARNING: pipe error: 109: file z:/build/build/src/ipc/chromium/src/chrome/common/ipc_channel_win.cc, line 332
[Child 15096, Chrome_ChildThread] WARNING: pipe error: 109: file z:/build/build/src/ipc/chromium/src/chrome/common/ipc_channel_win.cc, line 332
[Child 15096, Chrome_ChildThread] WARNING:[Parent 964, Gecko_IOThread] WARNING: pipe error: 109: file z:/build/build/src/ipc/chromium/src/chrome/common/ipc_channel_win.cc, line 332
1558779314574	Marionette	INFO	Stopped listening on port 10875

###!!! [Child][RunMessage] Error: Channel closing: too late to send/recv, messages will be lost

[GPU 3728, Chrome_ChildThread] WARNI
###!!! [Child][MessageChannel::SendAndWait] Error: Channel error: cannot send/recv

1558784599694	mozrunner::runner	INFO	Running command: "C:\\Program Files\\Mozilla Firefox\\firefox.exe" "-marionette" "-foreground" "-no-remote" "-profile" "C:\\Users\\python\\AppData\\Local\\Temp\\rust_mozprofile.F0TOg6BMbCo9"
JavaScript error: z2dd23ql4gh.cfg, line 2: ReferenceError: Components is not defined
1558784601580	addons.webextension.screenshots@mozilla.org	WARN	Loading extension 'screenshots@mozilla.org': Reading manifest: Invalid extension permission: mozillaAddons
1558784601580	addons.webextension.screenshots@mozilla.org	WARN	Loading extension 'screenshots@mozilla.org': Reading manifest: Invalid extension permission: resource://pdf.js/
1558784601580	addons.webextension.screenshots@mozilla.org	WARN	Loading extension 'screenshots@mozilla.org': Reading manifest: Invalid extension permission: about:reader*
1558784607108	Marionette	INFO	Listening on port 18923
1558784608779	Marionette	WARN	TLS certificate errors will be ignored for this session
console.error: BroadcastService: 
  receivedBroadcastMessage: handler for
  remote-settings/monitor_changes
  threw error:
  Message: Error: Polling for changes failed: NetworkError when attempting to fetch resource..
  Stack:
    remoteSettingsFunction/remoteSettings.pollChanges@resource://services-settings/remote-settings.js:190:13

[Child 4972, Chrome_ChildThread] WARNING: pipe error: 109: file z:/build/build/src/ipc/chromium/src/chrome/common/ipc_channel_win.cc, line 332
[Child 4972, Chrome_[Child 4932, Chrome_ChildThread] WARNING: pipe error: 109: file z:/build/build/src/ipc/chromium/src/chrome/common/ipc_channel_win.cc, line 332
[Child 4932, Chrome_ChildThread] WARNING: pip[Parent 12976, Gecko_IOThread] WARNING: pipe error: 109: file z:/build/build/src/ipc/chromium/src/chrome/common/ipc_channel_win.cc, line 332
1558788515386	Marionette	INFO	Stopped listening on port 18923

###!!! [Child][RunMessage] Error: Channel closing: too late to send/recv, messages will be lost

[GPU 2684, Chrome_ChildThread] WARNING: pipe error: 109: file z:/build/build/src/ipc/chromium/src/chrome/common/ipc_channel_win.cc
###!!! [Child][MessageChannel::SendAndWait] Error: Channel error: cannot send/recv

1559014912714	mozrunner::runner	INFO	Running command: "C:\\Program Files\\Mozilla Firefox\\firefox.exe" "-marionette" "-foreground" "-no-remote" "-profile" "C:\\Users\\python\\AppData\\Local\\Temp\\rust_mozprofile.NPI6gLarM035"
JavaScript error: z2dd23ql4gh.cfg, line 2: ReferenceError: Components is not defined
1559014914940	addons.webextension.screenshots@mozilla.org	WARN	Loading extension 'screenshots@mozilla.org': Reading manifest: Invalid extension permission: mozillaAddons
1559014914941	addons.webextension.screenshots@mozilla.org	WARN	Loading extension 'screenshots@mozilla.org': Reading manifest: Invalid extension permission: resource://pdf.js/
1559014914941	addons.webextension.screenshots@mozilla.org	WARN	Loading extension 'screenshots@mozilla.org': Reading manifest: Invalid extension permission: about:reader*
1559014921589	Marionette	INFO	Listening on port 21601
1559014921710	Marionette	WARN	TLS certificate errors will be ignored for this session
[Parent 6108, Gecko_IOThread] WARNING: pipe error: 109: file z:/build/build/src/ipc/chromium/src/chrome/common/ipc_channel_win.cc, line 332
[Child 8528, Chrome_ChildThread] WARNING: pipe error: 109: file z:/build/build/src/ipc/chromium/src/chrome/common/ipc_channel_win.cc, line 332
[Parent 6108, Gecko_IOThread] WARNING: pipe error: 109: file z:/build/build/src/ipc/chromium/src/chrome/common/ipc_channel_win.cc, line 332
1559014954670	Marionette	INFO	Stopped listening on port 21601
[GPU 11744, Chrome_ChildThread] WARNING: pipe error: 109: 
###!!! [Child][MessageChannel::SendAndWait] Error: Channel error: cannot send/recv

1559637902743	mozrunner::runner	INFO	Running command: "C:\\Program Files\\Mozilla Firefox\\firefox.exe" "-marionette" "-foreground" "-no-remote" "-profile" "C:\\Users\\python\\AppData\\Local\\Temp\\rust_mozprofile.wXZo7YySRH0T"
JavaScript error: z2dd23ql4gh.cfg, line 2: ReferenceError: Components is not defined
1559637905111	addons.webextension.screenshots@mozilla.org	WARN	Loading extension 'screenshots@mozilla.org': Reading manifest: Invalid extension permission: mozillaAddons
1559637905112	addons.webextension.screenshots@mozilla.org	WARN	Loading extension 'screenshots@mozilla.org': Reading manifest: Invalid extension permission: resource://pdf.js/
1559637905112	addons.webextension.screenshots@mozilla.org	WARN	Loading extension 'screenshots@mozilla.org': Reading manifest: Invalid extension permission: about:reader*
1559637913261	Marionette	INFO	Listening on port 6908
1559637913829	Marionette	WARN	TLS certificate errors will be ignored for this session
[Parent 16016, Gecko_IOThread] WARNING: pipe error: 109: file z:/build/build/src/ipc/chromium/src/chrome/common/ipc_channel_win.cc, line 332
console.error: BroadcastService: 
  receivedBroadcastMessage: handler for
  remote-settings/monitor_changes
  threw error:
  Message: Error: Polling for changes failed: NetworkError when attempting to fetch resource..
  Stack:
    remoteSettingsFunction/remoteSettings.pollChanges@resource://services-settings/remote-settings.js:190:13

[Parent 16016, Gecko_IOThread] WARNING: pipe error: 109: file z:/build/build/src/ipc/chromium/src/chrome/common/ipc_channel_win.cc, line 332
[Child 12932, Chrome_ChildThread] WARNING: pipe error: 109: file z:/build/build/src/ipc/chromium/src/chrome/common/ipc_channel_win.cc, line 332
[Child 12932, Chrome_ChildThread] WARNING[Child 6672, Chrome_ChildThread] WARNING: pipe error: 109: file z:/build/build/src/ipc/chromium/src/chrome/common/ipc_channel_win.cc, line 332
[Child 6672, C[Child 9380, Chrome_ChildThread] WARNING: pipe error: 109: file z:/build/build/src/ipc/chromium/src/chrome/common/ipc_channel_win.cc, line 332
[Child 9380, Chrome_ChildThread] WARNING: pipe error: 109: file z:/build/build/src/ipc/chromium/src/chrome/common/ipc_channel_win.cc, 1559638135344	Marionette	INFO	Stopped listening on port 6908

###!!! [Child][MessageChannel::SendAndWait] Error: Channel error: cannot send/recv

1559638144175	mozrunner::runner	INFO	Running command: "C:\\Program Files\\Mozilla Firefox\\firefox.exe" "-marionette" "-foreground" "-no-remote" "-profile" "C:\\Users\\python\\AppData\\Local\\Temp\\rust_mozprofile.jBwYDXmFCvYb"
JavaScript error: z2dd23ql4gh.cfg, line 2: ReferenceError: Components is not defined
1559638145860	addons.webextension.screenshots@mozilla.org	WARN	Loading extension 'screenshots@mozilla.org': Reading manifest: Invalid extension permission: mozillaAddons
1559638145860	addons.webextension.screenshots@mozilla.org	WARN	Loading extension 'screenshots@mozilla.org': Reading manifest: Invalid extension permission: resource://pdf.js/
1559638145860	addons.webextension.screenshots@mozilla.org	WARN	Loading extension 'screenshots@mozilla.org': Reading manifest: Invalid extension permission: about:reader*
1559638153147	Marionette	INFO	Listening on port 7056
1559638153228	Marionette	WARN	TLS certificate errors will be ignored for this session
console.error: BroadcastService: 
  receivedBroadcastMessage: handler for
  remote-settings/monitor_changes
  threw error:
  Message: Error: Polling for changes failed: NetworkError when attempting to fetch resource..
  Stack:
    remoteSettingsFunction/remoteSettings.pollChanges@resource://services-settings/remote-settings.js:190:13

IPDL protocol error: Handler returned error code!

###!!! [Parent][DispatchAsyncMessage] Error: PLayerTransaction::Msg_ReleaseLayer Processing error: message was deserialized, but the handler returned false (indicating failure)

IPDL protocol error: Handler returned error code!

###!!! [Parent][DispatchAsyncMessage] Error: PLayerTransaction::Msg_ReleaseLayer Processing error: message was deserialized, but the handler returned false (indicating failure)

IPDL protocol error: Handler returned error code!

###!!! [Parent][DispatchAsyncMessage] Error: PLayerTransaction::Msg_ReleaseLayer Processing error: message was deserialized, but the handler returned false (indicating failure)

IPDL protocol error: Handler returned error code!

###!!! [Parent][DispatchAsyncMessage] Error: PLayerTransaction::Msg_ReleaseLayer Processing error: message was deserialized, but the handler returned false (indicating failure)

IPDL protocol error: Handler returned error code!

###!!! [Parent][DispatchAsyncMessage] Error: PLayerTransaction::Msg_ReleaseLayer Processing error: message was deserialized, but the handler returned false (indicating failure)

IPDL protocol error: Handler returned error code!

###!!! [Parent][DispatchAsyncMessage] Error: PLayerTransaction::Msg_ReleaseLayer Processing error: message was deserialized, but the handler returned false (indicating failure)

IPDL protocol error: Handler returned error code!

###!!! [Parent][DispatchAsyncMessage] Error: PLayerTransaction::Msg_ReleaseLayer Processing error: message was deserialized, but the handler returned false (indicating failure)

IPDL protocol error: Handler returned error code!

###!!! [Parent][DispatchAsyncMessage] Error: PLayerTransaction::Msg_ReleaseLayer Processing error: message was deserialized, but the handler returned false (indicating failure)

[Parent 8560, Gecko_IOThread] WARNING: pipe error: 109: file z:/build/build/src/ipc/chromium/src/chrome/common/ipc_channel_win.cc, line 332
[Parent 8560, Gecko_IOThread] WARNING: pipe error: 109: file z:/build/build/src/ipc/chromium/src/chrome/common/ipc_channel_win.cc, line 332
1559649671354	Marionette	INFO	Stopped listening on port 7056

###!!! [Child][RunMessage] Error: Channel closing: too late to send/recv, messages will be lost


###!!! [Child][MessageChannel::SendAndWait] Error: Channel error: cannot send/recv

1559660271570	mozrunner::runner	INFO	Running command: "C:\\Program Files\\Mozilla Firefox\\firefox.exe" "-marionette" "-foreground" "-no-remote" "-profile" "C:\\Users\\python\\AppData\\Local\\Temp\\rust_mozprofile.nAJUSrG1CIvZ"
JavaScript error: z2dd23ql4gh.cfg, line 2: ReferenceError: Components is not defined
1559660273873	addons.webextension.screenshots@mozilla.org	WARN	Loading extension 'screenshots@mozilla.org': Reading manifest: Invalid extension permission: mozillaAddons
1559660273873	addons.webextension.screenshots@mozilla.org	WARN	Loading extension 'screenshots@mozilla.org': Reading manifest: Invalid extension permission: resource://pdf.js/
1559660273873	addons.webextension.screenshots@mozilla.org	WARN	Loading extension 'screenshots@mozilla.org': Reading manifest: Invalid extension permission: about:reader*
1559660280785	Marionette	INFO	Listening on port 7214
1559660281343	Marionette	WARN	TLS certificate errors will be ignored for this session
JavaScript error: resource://gre/modules/WebProgressChild.jsm, line 61: TypeError: this.mm.content is null
[Parent 11680, Gecko_IOThread] WARNING: pipe error: 109: file z:/build/build/src/ipc/chromium/src/chrome/common/ipc_channel_win.cc, line 332
[Child 3944, Chrome_ChildThread] WARNING: pipe error: 109: file z:/build/build/src/ipc/chromium/src/chrome/common/ipc_channel_win.cc, line 332
[Child 18208, Chrome_ChildThread] WARNING: pipe error: 109: file z:/build/build/src/ipc/chromium/src/chrome/common/ipc_channel_win.cc, line 332
1559660314603	Marionette	INFO	Stopped listening on port 7214

###!!! [Child][RunMessage] Error: Channel closing: too late to send/recv, messages will be lost

[GPU 14496, Chrome_ChildThread] WARNING: pipe error: 109: file z:/build/build/src/ipc/chromium/src/chrome/common/ipc_channel_win.c
###!!! [Child][MessageChannel::SendAndWait] Error: Channel error: cannot send/recv

